2025-11-05 14:33:44,288 DEBUG    root            Loaded Command Group: ['gcloud', 'components']
2025-11-05 14:33:44,320 DEBUG    root            Loaded Command Group: ['gcloud', 'components', 'update']
2025-11-05 14:33:44,322 DEBUG    root            Running [gcloud.components.update] with arguments: [--quiet: "True", COMPONENT-IDS:8: "['gcloud', 'core', 'bq', 'gsutil', 'compute', 'preview', 'alpha', 'beta']"]
2025-11-05 14:33:44,323 INFO     ___FILE_ONLY___ Beginning update. This process may take several minutes.

2025-11-05 14:33:44,330 DEBUG    urllib3.connectionpool Starting new HTTPS connection (1): dl.google.com:443
2025-11-05 14:33:44,342 DEBUG    urllib3.connectionpool https://dl.google.com:443 "GET /dl/cloudsdk/channels/rapid/components-2.json HTTP/1.1" 200 233158
2025-11-05 14:33:44,355 WARNING  root            Component [compute] no longer exists.
2025-11-05 14:33:44,356 INFO     ___FILE_ONLY___ 

2025-11-05 14:33:44,356 INFO     ___FILE_ONLY___ 
Your current Google Cloud CLI version is: 546.0.0

2025-11-05 14:33:44,356 INFO     ___FILE_ONLY___ Installing components from version: 546.0.0

2025-11-05 14:33:44,356 INFO     ___FILE_ONLY___ 

2025-11-05 14:33:44,356 DEBUG    root            Chosen display Format:table[box,title="These components will be removed."](details.display_name:label=Name:align=left,version.version_string:label=Version:align=right,data.size.size(zero="",min=1048576):label=Size:align=right)
2025-11-05 14:33:44,357 DEBUG    root            Chosen display Format:table[box,title="These components will be updated."](details.display_name:label=Name:align=left,version.version_string:label=Version:align=right,data.size.size(zero="",min=1048576):label=Size:align=right)
2025-11-05 14:33:44,357 DEBUG    root            Chosen display Format:table[box,title="These components will be installed."](details.display_name:label=Name:align=left,version.version_string:label=Version:align=right,data.size.size(zero="",min=1048576):label=Size:align=right)
2025-11-05 14:33:44,373 INFO     ___FILE_ONLY___ ┌────────────────────────────────────────────────┐
2025-11-05 14:33:44,373 INFO     ___FILE_ONLY___ 

2025-11-05 14:33:44,373 INFO     ___FILE_ONLY___ │      These components will be installed.       │
2025-11-05 14:33:44,373 INFO     ___FILE_ONLY___ 

2025-11-05 14:33:44,373 INFO     ___FILE_ONLY___ ├─────────────────────────┬────────────┬─────────┤
2025-11-05 14:33:44,373 INFO     ___FILE_ONLY___ 

2025-11-05 14:33:44,373 INFO     ___FILE_ONLY___ │           Name          │  Version   │   Size  │
2025-11-05 14:33:44,373 INFO     ___FILE_ONLY___ 

2025-11-05 14:33:44,373 INFO     ___FILE_ONLY___ ├─────────────────────────┼────────────┼─────────┤
2025-11-05 14:33:44,373 INFO     ___FILE_ONLY___ 

2025-11-05 14:33:44,373 INFO     ___FILE_ONLY___ │ 
2025-11-05 14:33:44,373 INFO     ___FILE_ONLY___ gcloud Alpha Commands  
2025-11-05 14:33:44,373 INFO     ___FILE_ONLY___  
2025-11-05 14:33:44,373 INFO     ___FILE_ONLY___ │ 
2025-11-05 14:33:44,373 INFO     ___FILE_ONLY___ 2025.10.31
2025-11-05 14:33:44,374 INFO     ___FILE_ONLY___  
2025-11-05 14:33:44,374 INFO     ___FILE_ONLY___ │ 
2025-11-05 14:33:44,374 INFO     ___FILE_ONLY___ < 1 MiB
2025-11-05 14:33:44,374 INFO     ___FILE_ONLY___  
2025-11-05 14:33:44,374 INFO     ___FILE_ONLY___ │
2025-11-05 14:33:44,374 INFO     ___FILE_ONLY___ 

2025-11-05 14:33:44,374 INFO     ___FILE_ONLY___ │ 
2025-11-05 14:33:44,374 INFO     ___FILE_ONLY___ gcloud Beta Commands   
2025-11-05 14:33:44,374 INFO     ___FILE_ONLY___  
2025-11-05 14:33:44,374 INFO     ___FILE_ONLY___ │ 
2025-11-05 14:33:44,374 INFO     ___FILE_ONLY___ 2025.10.31
2025-11-05 14:33:44,374 INFO     ___FILE_ONLY___  
2025-11-05 14:33:44,374 INFO     ___FILE_ONLY___ │ 
2025-11-05 14:33:44,374 INFO     ___FILE_ONLY___ < 1 MiB
2025-11-05 14:33:44,374 INFO     ___FILE_ONLY___  
2025-11-05 14:33:44,374 INFO     ___FILE_ONLY___ │
2025-11-05 14:33:44,374 INFO     ___FILE_ONLY___ 

2025-11-05 14:33:44,374 INFO     ___FILE_ONLY___ │ 
2025-11-05 14:33:44,374 INFO     ___FILE_ONLY___ gcloud Preview Commands
2025-11-05 14:33:44,374 INFO     ___FILE_ONLY___  
2025-11-05 14:33:44,375 INFO     ___FILE_ONLY___ │ 
2025-11-05 14:33:44,375 INFO     ___FILE_ONLY___           
2025-11-05 14:33:44,375 INFO     ___FILE_ONLY___  
2025-11-05 14:33:44,375 INFO     ___FILE_ONLY___ │ 
2025-11-05 14:33:44,375 INFO     ___FILE_ONLY___ < 1 MiB
2025-11-05 14:33:44,375 INFO     ___FILE_ONLY___  
2025-11-05 14:33:44,375 INFO     ___FILE_ONLY___ │
2025-11-05 14:33:44,375 INFO     ___FILE_ONLY___ 

2025-11-05 14:33:44,375 INFO     ___FILE_ONLY___ └─────────────────────────┴────────────┴─────────┘
2025-11-05 14:33:44,375 INFO     ___FILE_ONLY___ 

2025-11-05 14:33:44,375 INFO     ___FILE_ONLY___ 

2025-11-05 14:33:44,378 DEBUG    urllib3.connectionpool Starting new HTTPS connection (1): dl.google.com:443
2025-11-05 14:33:44,388 DEBUG    urllib3.connectionpool https://dl.google.com:443 "GET /dl/cloudsdk/channels/rapid/RELEASE_NOTES HTTP/1.1" 200 1514051
2025-11-05 14:33:44,913 INFO     ___FILE_ONLY___ For the latest full release notes, please visit:
  https://cloud.google.com/sdk/release_notes


2025-11-05 14:33:44,914 INFO     ___FILE_ONLY___ Performing in place update...


2025-11-05 14:33:44,915 INFO     ___FILE_ONLY___ ╔════════════════════════════════════════════════════════════╗

2025-11-05 14:33:44,916 INFO     ___FILE_ONLY___ ╠═ Downloading: gcloud Alpha Commands                       ═╣

2025-11-05 14:33:44,916 INFO     ___FILE_ONLY___ ╚
2025-11-05 14:33:44,918 DEBUG    urllib3.connectionpool Starting new HTTPS connection (1): dl.google.com:443
2025-11-05 14:33:44,970 DEBUG    urllib3.connectionpool https://dl.google.com:443 "GET /dl/cloudsdk/channels/rapid/components/google-cloud-sdk-alpha-20251031202127.tar.gz HTTP/1.1" 200 800
2025-11-05 14:33:44,970 INFO     ___FILE_ONLY___ ════════════════════════════════════════════════════════════
2025-11-05 14:33:44,970 INFO     ___FILE_ONLY___ ╝

2025-11-05 14:33:44,972 INFO     ___FILE_ONLY___ ╔════════════════════════════════════════════════════════════╗

2025-11-05 14:33:44,972 INFO     ___FILE_ONLY___ ╠═ Downloading: gcloud Beta Commands                        ═╣

2025-11-05 14:33:44,972 INFO     ___FILE_ONLY___ ╚
2025-11-05 14:33:44,975 DEBUG    urllib3.connectionpool Starting new HTTPS connection (1): dl.google.com:443
2025-11-05 14:33:44,987 DEBUG    urllib3.connectionpool https://dl.google.com:443 "GET /dl/cloudsdk/channels/rapid/components/google-cloud-sdk-beta-20251031202127.tar.gz HTTP/1.1" 200 797
2025-11-05 14:33:44,988 INFO     ___FILE_ONLY___ ════════════════════════════════════════════════════════════
2025-11-05 14:33:44,988 INFO     ___FILE_ONLY___ ╝

2025-11-05 14:33:44,989 INFO     ___FILE_ONLY___ ╔════════════════════════════════════════════════════════════╗

2025-11-05 14:33:44,989 INFO     ___FILE_ONLY___ ╠═ Downloading: gcloud Preview Commands                     ═╣

2025-11-05 14:33:44,990 INFO     ___FILE_ONLY___ ╚
2025-11-05 14:33:44,992 DEBUG    urllib3.connectionpool Starting new HTTPS connection (1): dl.google.com:443
2025-11-05 14:33:45,050 DEBUG    urllib3.connectionpool https://dl.google.com:443 "GET /dl/cloudsdk/channels/rapid/components/google-cloud-sdk-preview-20241115154308.tar.gz HTTP/1.1" 200 823
2025-11-05 14:33:45,051 INFO     ___FILE_ONLY___ ════════════════════════════════════════════════════════════
2025-11-05 14:33:45,051 INFO     ___FILE_ONLY___ ╝

2025-11-05 14:33:45,053 INFO     ___FILE_ONLY___ ╔════════════════════════════════════════════════════════════╗

2025-11-05 14:33:45,053 INFO     ___FILE_ONLY___ ╠═ Installing: gcloud Alpha Commands                        ═╣

2025-11-05 14:33:45,053 INFO     ___FILE_ONLY___ ╚
2025-11-05 14:33:45,054 INFO     ___FILE_ONLY___ ════════════════════════════════════════════════════════════
2025-11-05 14:33:45,054 INFO     ___FILE_ONLY___ ╝

2025-11-05 14:33:45,058 INFO     ___FILE_ONLY___ ╔════════════════════════════════════════════════════════════╗

2025-11-05 14:33:45,058 INFO     ___FILE_ONLY___ ╠═ Installing: gcloud Beta Commands                         ═╣

2025-11-05 14:33:45,058 INFO     ___FILE_ONLY___ ╚
2025-11-05 14:33:45,059 INFO     ___FILE_ONLY___ ════════════════════════════════════════════════════════════
2025-11-05 14:33:45,059 INFO     ___FILE_ONLY___ ╝

2025-11-05 14:33:45,064 INFO     ___FILE_ONLY___ ╔════════════════════════════════════════════════════════════╗

2025-11-05 14:33:45,064 INFO     ___FILE_ONLY___ ╠═ Installing: gcloud Preview Commands                      ═╣

2025-11-05 14:33:45,064 INFO     ___FILE_ONLY___ ╚
2025-11-05 14:33:45,065 INFO     ___FILE_ONLY___ ════════════════════════════════════════════════════════════
2025-11-05 14:33:45,065 INFO     ___FILE_ONLY___ ╝

2025-11-05 14:33:45,070 DEBUG    root            Updating notification cache...
2025-11-05 14:33:45,070 INFO     ___FILE_ONLY___ 

2025-11-05 14:33:45,071 INFO     ___FILE_ONLY___ Performing post processing steps...
2025-11-05 14:33:45,072 DEBUG    root            Executing command: ['/tools/google-cloud-sdk/bin/gcloud', 'components', 'post-process']
2025-11-05 14:33:52,779 DEBUG    ___FILE_ONLY___ 
2025-11-05 14:33:52,779 DEBUG    ___FILE_ONLY___ 
2025-11-05 14:33:52,846 INFO     root            descriptor_list: [{'universeDomain': 'googleapis.com', 'universeShortName': '', 'authenticationDomain': 'auth.cloud.google.com', 'projectPrefix': '', 'cloudWebDomain': 'cloud.google.com', 'documentationDomain': 'cloud.google.com', 'version': '1.0.0', 'state': 'primary', 'artifactRegistryDomain': 'pkg.dev'}]
2025-11-05 14:33:52,846 INFO     ___FILE_ONLY___ 
Update done!


2025-11-05 14:33:52,848 DEBUG    root            Chosen display Format:none
2025-11-05 14:33:52,849 INFO     root            Display format: "none"
